This file contains any messages produced by compilers while
running configure, to aid debugging if configure makes a mistake.

It was created by tn5250 configure 0.17.4, which was
generated by GNU Autoconf 2.61.  Invocation command line was

  $ ./configure --without-ssl --no-create --no-recursion

## --------- ##
## Platform. ##
## --------- ##

hostname = angerfly
uname -m = x86_64
uname -r = 5.8.0-36-generic
uname -s = Linux
uname -v = #40~20.04.1-Ubuntu SMP Wed Jan 6 10:15:55 UTC 2021

/usr/bin/uname -p = x86_64
/bin/uname -X     = unknown

/bin/arch              = x86_64
/usr/bin/arch -k       = unknown
/usr/convex/getsysinfo = unknown
/usr/bin/hostinfo      = unknown
/bin/machine           = unknown
/usr/bin/oslevel       = unknown
/bin/universe          = unknown

PATH: /usr/local/sbin
PATH: /usr/local/bin
PATH: /usr/sbin
PATH: /usr/bin
PATH: /sbin
PATH: /bin
PATH: /usr/games
PATH: /usr/local/games
PATH: /snap/bin


## ----------- ##
## Core tests. ##
## ----------- ##

configure:1982: checking for a BSD-compatible install
configure:2038: result: /usr/bin/install -c
configure:2049: checking whether build environment is sane
configure:2092: result: yes
configure:2157: checking for gawk
configure:2187: result: no
configure:2157: checking for mawk
configure:2173: found /usr/bin/mawk
configure:2184: result: mawk
configure:2195: checking whether make sets $(MAKE)
configure:2216: result: yes
configure:2460: checking for gcc
configure:2476: found /usr/bin/gcc
configure:2487: result: gcc
configure:2725: checking for C compiler version
configure:2732: gcc --version >&5
gcc (Ubuntu 9.3.0-17ubuntu1~20.04) 9.3.0
Copyright (C) 2019 Free Software Foundation, Inc.
This is free software; see the source for copying conditions.  There is NO
warranty; not even for MERCHANTABILITY or FITNESS FOR A PARTICULAR PURPOSE.

configure:2735: $? = 0
configure:2742: gcc -v >&5
Using built-in specs.
COLLECT_GCC=gcc
COLLECT_LTO_WRAPPER=/usr/lib/gcc/x86_64-linux-gnu/9/lto-wrapper
OFFLOAD_TARGET_NAMES=nvptx-none:hsa
OFFLOAD_TARGET_DEFAULT=1
Target: x86_64-linux-gnu
Configured with: ../src/configure -v --with-pkgversion='Ubuntu 9.3.0-17ubuntu1~20.04' --with-bugurl=file:///usr/share/doc/gcc-9/README.Bugs --enable-languages=c,ada,c++,go,brig,d,fortran,objc,obj-c++,gm2 --prefix=/usr --with-gcc-major-version-only --program-suffix=-9 --program-prefix=x86_64-linux-gnu- --enable-shared --enable-linker-build-id --libexecdir=/usr/lib --without-included-gettext --enable-threads=posix --libdir=/usr/lib --enable-nls --enable-clocale=gnu --enable-libstdcxx-debug --enable-libstdcxx-time=yes --with-default-libstdcxx-abi=new --enable-gnu-unique-object --disable-vtable-verify --enable-plugin --enable-default-pie --with-system-zlib --with-target-system-zlib=auto --enable-objc-gc=auto --enable-multiarch --disable-werror --with-arch-32=i686 --with-abi=m64 --with-multilib-list=m32,m64,mx32 --enable-multilib --with-tune=generic --enable-offload-targets=nvptx-none=/build/gcc-9-HskZEa/gcc-9-9.3.0/debian/tmp-nvptx/usr,hsa --without-cuda-driver --enable-checking=release --build=x86_64-linux-gnu --host=x86_64-linux-gnu --target=x86_64-linux-gnu
Thread model: posix
gcc version 9.3.0 (Ubuntu 9.3.0-17ubuntu1~20.04) 
configure:2745: $? = 0
configure:2752: gcc -V >&5
gcc: error: unrecognized command line option '-V'
gcc: fatal error: no input files
compilation terminated.
configure:2755: $? = 1
configure:2778: checking for C compiler default output file name
configure:2805: gcc    conftest.c  >&5
configure:2808: $? = 0
configure:2846: result: a.out
configure:2863: checking whether the C compiler works
configure:2873: ./a.out
configure:2876: $? = 0
configure:2893: result: yes
configure:2900: checking whether we are cross compiling
configure:2902: result: no
configure:2905: checking for suffix of executables
configure:2912: gcc -o conftest    conftest.c  >&5
configure:2915: $? = 0
configure:2939: result: 
configure:2945: checking for suffix of object files
configure:2971: gcc -c   conftest.c >&5
configure:2974: $? = 0
configure:2997: result: o
configure:3001: checking whether we are using the GNU C compiler
configure:3030: gcc -c   conftest.c >&5
configure:3036: $? = 0
configure:3053: result: yes
configure:3058: checking whether gcc accepts -g
configure:3088: gcc -c -g  conftest.c >&5
configure:3094: $? = 0
configure:3193: result: yes
configure:3210: checking for gcc option to accept ISO C89
configure:3284: gcc  -c -g -O2  conftest.c >&5
configure:3290: $? = 0
configure:3313: result: none needed
configure:3342: checking for style of include used by make
configure:3370: result: GNU
configure:3398: checking dependency style of gcc
configure:3488: result: gcc3
configure:3518: checking for a BSD-compatible install
configure:3574: result: /usr/bin/install -c
configure:3628: checking for ranlib
configure:3644: found /usr/bin/ranlib
configure:3655: result: ranlib
configure:3759: checking build system type
configure:3777: result: x86_64-unknown-linux-gnu
configure:3799: checking host system type
configure:3814: result: x86_64-unknown-linux-gnu
configure:3836: checking for a sed that does not truncate output
configure:3892: result: /usr/bin/sed
configure:3895: checking for grep that handles long lines and -e
configure:3969: result: /usr/bin/grep
configure:3974: checking for egrep
configure:4052: result: /usr/bin/grep -E
configure:4068: checking for ld used by gcc
configure:4135: result: /usr/bin/ld
configure:4144: checking if the linker (/usr/bin/ld) is GNU ld
configure:4159: result: yes
configure:4164: checking for /usr/bin/ld option to reload object files
configure:4171: result: -r
configure:4189: checking for BSD-compatible nm
configure:4238: result: /usr/bin/nm -B
configure:4242: checking whether ln -s works
configure:4246: result: yes
configure:4253: checking how to recognize dependent libraries
configure:4439: result: pass_all
configure:4528: gcc -c -g -O2  conftest.c >&5
configure:4531: $? = 0
configure:4680: checking how to run the C preprocessor
configure:4720: gcc -E  conftest.c
configure:4726: $? = 0
configure:4757: gcc -E  conftest.c
conftest.c:10:10: fatal error: ac_nonexistent.h: No such file or directory
   10 | #include <ac_nonexistent.h>
      |          ^~~~~~~~~~~~~~~~~~
compilation terminated.
configure:4763: $? = 1
configure: failed program was:
| /* confdefs.h.  */
| #define PACKAGE_NAME "tn5250"
| #define PACKAGE_TARNAME "tn5250"
| #define PACKAGE_VERSION "0.17.4"
| #define PACKAGE_STRING "tn5250 0.17.4"
| #define PACKAGE_BUGREPORT "linux5250@midrange.com"
| #define PACKAGE "tn5250"
| #define VERSION "0.17.4"
| /* end confdefs.h.  */
| #include <ac_nonexistent.h>
configure:4796: result: gcc -E
configure:4825: gcc -E  conftest.c
configure:4831: $? = 0
configure:4862: gcc -E  conftest.c
conftest.c:10:10: fatal error: ac_nonexistent.h: No such file or directory
   10 | #include <ac_nonexistent.h>
      |          ^~~~~~~~~~~~~~~~~~
compilation terminated.
configure:4868: $? = 1
configure: failed program was:
| /* confdefs.h.  */
| #define PACKAGE_NAME "tn5250"
| #define PACKAGE_TARNAME "tn5250"
| #define PACKAGE_VERSION "0.17.4"
| #define PACKAGE_STRING "tn5250 0.17.4"
| #define PACKAGE_BUGREPORT "linux5250@midrange.com"
| #define PACKAGE "tn5250"
| #define VERSION "0.17.4"
| /* end confdefs.h.  */
| #include <ac_nonexistent.h>
configure:4906: checking for ANSI C header files
configure:4936: gcc -c -g -O2  conftest.c >&5
configure:4942: $? = 0
configure:5041: gcc -o conftest -g -O2   conftest.c  >&5
configure:5044: $? = 0
configure:5050: ./conftest
configure:5053: $? = 0
configure:5070: result: yes
configure:5094: checking for sys/types.h
configure:5115: gcc -c -g -O2  conftest.c >&5
configure:5121: $? = 0
configure:5137: result: yes
configure:5094: checking for sys/stat.h
configure:5115: gcc -c -g -O2  conftest.c >&5
configure:5121: $? = 0
configure:5137: result: yes
configure:5094: checking for stdlib.h
configure:5115: gcc -c -g -O2  conftest.c >&5
configure:5121: $? = 0
configure:5137: result: yes
configure:5094: checking for string.h
configure:5115: gcc -c -g -O2  conftest.c >&5
configure:5121: $? = 0
configure:5137: result: yes
configure:5094: checking for memory.h
configure:5115: gcc -c -g -O2  conftest.c >&5
configure:5121: $? = 0
configure:5137: result: yes
configure:5094: checking for strings.h
configure:5115: gcc -c -g -O2  conftest.c >&5
configure:5121: $? = 0
configure:5137: result: yes
configure:5094: checking for inttypes.h
configure:5115: gcc -c -g -O2  conftest.c >&5
configure:5121: $? = 0
configure:5137: result: yes
configure:5094: checking for stdint.h
configure:5115: gcc -c -g -O2  conftest.c >&5
configure:5121: $? = 0
configure:5137: result: yes
configure:5094: checking for unistd.h
configure:5115: gcc -c -g -O2  conftest.c >&5
configure:5121: $? = 0
configure:5137: result: yes
configure:5164: checking dlfcn.h usability
configure:5181: gcc -c -g -O2  conftest.c >&5
configure:5187: $? = 0
configure:5201: result: yes
configure:5205: checking dlfcn.h presence
configure:5220: gcc -E  conftest.c
configure:5226: $? = 0
configure:5240: result: yes
configure:5273: checking for dlfcn.h
configure:5281: result: yes
configure:5352: checking for g++
configure:5368: found /usr/bin/g++
configure:5379: result: g++
configure:5410: checking for C++ compiler version
configure:5417: g++ --version >&5
g++ (Ubuntu 9.3.0-17ubuntu1~20.04) 9.3.0
Copyright (C) 2019 Free Software Foundation, Inc.
This is free software; see the source for copying conditions.  There is NO
warranty; not even for MERCHANTABILITY or FITNESS FOR A PARTICULAR PURPOSE.

configure:5420: $? = 0
configure:5427: g++ -v >&5
Using built-in specs.
COLLECT_GCC=g++
COLLECT_LTO_WRAPPER=/usr/lib/gcc/x86_64-linux-gnu/9/lto-wrapper
OFFLOAD_TARGET_NAMES=nvptx-none:hsa
OFFLOAD_TARGET_DEFAULT=1
Target: x86_64-linux-gnu
Configured with: ../src/configure -v --with-pkgversion='Ubuntu 9.3.0-17ubuntu1~20.04' --with-bugurl=file:///usr/share/doc/gcc-9/README.Bugs --enable-languages=c,ada,c++,go,brig,d,fortran,objc,obj-c++,gm2 --prefix=/usr --with-gcc-major-version-only --program-suffix=-9 --program-prefix=x86_64-linux-gnu- --enable-shared --enable-linker-build-id --libexecdir=/usr/lib --without-included-gettext --enable-threads=posix --libdir=/usr/lib --enable-nls --enable-clocale=gnu --enable-libstdcxx-debug --enable-libstdcxx-time=yes --with-default-libstdcxx-abi=new --enable-gnu-unique-object --disable-vtable-verify --enable-plugin --enable-default-pie --with-system-zlib --with-target-system-zlib=auto --enable-objc-gc=auto --enable-multiarch --disable-werror --with-arch-32=i686 --with-abi=m64 --with-multilib-list=m32,m64,mx32 --enable-multilib --with-tune=generic --enable-offload-targets=nvptx-none=/build/gcc-9-HskZEa/gcc-9-9.3.0/debian/tmp-nvptx/usr,hsa --without-cuda-driver --enable-checking=release --build=x86_64-linux-gnu --host=x86_64-linux-gnu --target=x86_64-linux-gnu
Thread model: posix
gcc version 9.3.0 (Ubuntu 9.3.0-17ubuntu1~20.04) 
configure:5430: $? = 0
configure:5437: g++ -V >&5
g++: error: unrecognized command line option '-V'
g++: fatal error: no input files
compilation terminated.
configure:5440: $? = 1
configure:5443: checking whether we are using the GNU C++ compiler
configure:5472: g++ -c   conftest.cpp >&5
configure:5478: $? = 0
configure:5495: result: yes
configure:5500: checking whether g++ accepts -g
configure:5530: g++ -c -g  conftest.cpp >&5
configure:5536: $? = 0
configure:5635: result: yes
configure:5660: checking dependency style of g++
configure:5750: result: gcc3
configure:5777: checking how to run the C++ preprocessor
configure:5813: g++ -E  conftest.cpp
configure:5819: $? = 0
configure:5850: g++ -E  conftest.cpp
conftest.cpp:21:10: fatal error: ac_nonexistent.h: No such file or directory
   21 | #include <ac_nonexistent.h>
      |          ^~~~~~~~~~~~~~~~~~
compilation terminated.
configure:5856: $? = 1
configure: failed program was:
| /* confdefs.h.  */
| #define PACKAGE_NAME "tn5250"
| #define PACKAGE_TARNAME "tn5250"
| #define PACKAGE_VERSION "0.17.4"
| #define PACKAGE_STRING "tn5250 0.17.4"
| #define PACKAGE_BUGREPORT "linux5250@midrange.com"
| #define PACKAGE "tn5250"
| #define VERSION "0.17.4"
| #define STDC_HEADERS 1
| #define HAVE_SYS_TYPES_H 1
| #define HAVE_SYS_STAT_H 1
| #define HAVE_STDLIB_H 1
| #define HAVE_STRING_H 1
| #define HAVE_MEMORY_H 1
| #define HAVE_STRINGS_H 1
| #define HAVE_INTTYPES_H 1
| #define HAVE_STDINT_H 1
| #define HAVE_UNISTD_H 1
| #define HAVE_DLFCN_H 1
| /* end confdefs.h.  */
| #include <ac_nonexistent.h>
configure:5889: result: g++ -E
configure:5918: g++ -E  conftest.cpp
configure:5924: $? = 0
configure:5955: g++ -E  conftest.cpp
conftest.cpp:21:10: fatal error: ac_nonexistent.h: No such file or directory
   21 | #include <ac_nonexistent.h>
      |          ^~~~~~~~~~~~~~~~~~
compilation terminated.
configure:5961: $? = 1
configure: failed program was:
| /* confdefs.h.  */
| #define PACKAGE_NAME "tn5250"
| #define PACKAGE_TARNAME "tn5250"
| #define PACKAGE_VERSION "0.17.4"
| #define PACKAGE_STRING "tn5250 0.17.4"
| #define PACKAGE_BUGREPORT "linux5250@midrange.com"
| #define PACKAGE "tn5250"
| #define VERSION "0.17.4"
| #define STDC_HEADERS 1
| #define HAVE_SYS_TYPES_H 1
| #define HAVE_SYS_STAT_H 1
| #define HAVE_STDLIB_H 1
| #define HAVE_STRING_H 1
| #define HAVE_MEMORY_H 1
| #define HAVE_STRINGS_H 1
| #define HAVE_INTTYPES_H 1
| #define HAVE_STDINT_H 1
| #define HAVE_UNISTD_H 1
| #define HAVE_DLFCN_H 1
| /* end confdefs.h.  */
| #include <ac_nonexistent.h>
configure:6054: checking for g77
configure:6084: result: no
configure:6054: checking for xlf
configure:6084: result: no
configure:6054: checking for f77
configure:6084: result: no
configure:6054: checking for frt
configure:6084: result: no
configure:6054: checking for pgf77
configure:6084: result: no
configure:6054: checking for cf77
configure:6084: result: no
configure:6054: checking for fort77
configure:6084: result: no
configure:6054: checking for fl32
configure:6084: result: no
configure:6054: checking for af77
configure:6084: result: no
configure:6054: checking for xlf90
configure:6084: result: no
configure:6054: checking for f90
configure:6084: result: no
configure:6054: checking for pgf90
configure:6084: result: no
configure:6054: checking for pghpf
configure:6084: result: no
configure:6054: checking for epcf90
configure:6084: result: no
configure:6054: checking for gfortran
configure:6084: result: no
configure:6054: checking for g95
configure:6084: result: no
configure:6054: checking for xlf95
configure:6084: result: no
configure:6054: checking for f95
configure:6084: result: no
configure:6054: checking for fort
configure:6084: result: no
configure:6054: checking for ifort
configure:6084: result: no
configure:6054: checking for ifc
configure:6084: result: no
configure:6054: checking for efc
configure:6084: result: no
configure:6054: checking for pgf95
configure:6084: result: no
configure:6054: checking for lf95
configure:6084: result: no
configure:6054: checking for ftn
configure:6084: result: no
configure:6111: checking for Fortran 77 compiler version
configure:6118:  --version >&5
./configure: line 6119: --version: command not found
configure:6121: $? = 127
configure:6128:  -v >&5
./configure: line 6129: -v: command not found
configure:6131: $? = 127
configure:6138:  -V >&5
./configure: line 6139: -V: command not found
configure:6141: $? = 127
configure:6149: checking whether we are using the GNU Fortran 77 compiler
configure:6168:  -c  conftest.F >&5
./configure: line 6169: -c: command not found
configure:6174: $? = 127
configure: failed program was:
|       program main
| #ifndef __GNUC__
|        choke me
| #endif
| 
|       end
configure:6191: result: no
configure:6197: checking whether  accepts -g
configure:6214:  -c -g conftest.f >&5
./configure: line 6215: -c: command not found
configure:6220: $? = 127
configure: failed program was:
|       program main
| 
|       end
configure:6236: result: no
configure:6266: checking the maximum length of command line arguments
configure:6378: result: 1572864
configure:6390: checking command to parse /usr/bin/nm -B output from gcc object
configure:6495: gcc -c -g -O2  conftest.c >&5
configure:6498: $? = 0
configure:6502: /usr/bin/nm -B conftest.o \| sed -n -e 's/^.*[ 	]\([ABCDGIRSTW][ABCDGIRSTW]*\)[ 	][ 	]*\([_A-Za-z][_A-Za-z0-9]*\)$/\1 \2 \2/p' \> conftest.nm
configure:6505: $? = 0
configure:6557: gcc -o conftest -g -O2   conftest.c conftstm.o >&5
configure:6560: $? = 0
configure:6598: result: ok
configure:6602: checking for objdir
configure:6617: result: .libs
configure:6709: checking for ar
configure:6725: found /usr/bin/ar
configure:6736: result: ar
configure:6805: checking for ranlib
configure:6832: result: ranlib
configure:6901: checking for strip
configure:6917: found /usr/bin/strip
configure:6928: result: strip
configure:7214: checking if gcc supports -fno-rtti -fno-exceptions
configure:7237: gcc -c -g -O2  -fno-rtti -fno-exceptions conftest.c >&5
cc1: warning: command line option '-fno-rtti' is valid for C++/D/ObjC++ but not for C
configure:7241: $? = 0
configure:7249: result: no
configure:7239: checking for gcc option to produce PIC
configure:7471: result: -fPIC
configure:7479: checking if gcc PIC flag -fPIC works
configure:7527: gcc -c -g -O2  -fPIC -DPIC conftest.c >&5
configure:7531: $? = 0
configure:7514: result: yes
configure:7513: checking if gcc static flag -static works
configure:7541: result: yes
configure:7551: checking if gcc supports -c -o file.o
configure:7631: gcc -c -g -O2  -o out/conftest2.o conftest.c >&5
configure:7635: $? = 0
configure:7574: result: yes
configure:7600: checking whether the gcc linker (/usr/bin/ld -m elf_x86_64) supports shared libraries
configure:8580: result: yes
configure:8601: checking whether -lc should be explicitly linked in
configure:8606: gcc -c -g -O2  conftest.c >&5
configure:8609: $? = 0
configure:8624: gcc -shared conftest.o  -v -Wl,-soname -Wl,conftest -o conftest 2\>\&1 \| grep  -lc  \>/dev/null 2\>\&1
configure:8627: $? = 0
configure:8639: result: no
configure:8647: checking dynamic linker characteristics
configure:9249: result: GNU/Linux ld.so
configure:9258: checking how to hardcode library paths into programs
configure:9283: result: immediate
configure:9297: checking whether stripping libraries is possible
configure:9302: result: yes
configure:10104: checking if libtool supports shared libraries
configure:10106: result: yes
configure:10109: checking whether to build shared libraries
configure:10130: result: yes
configure:10133: checking whether to build static libraries
configure:10137: result: yes
configure:10230: creating libtool
configure:10818: checking for ld used by g++
configure:10885: result: /usr/bin/ld -m elf_x86_64
configure:10894: checking if the linker (/usr/bin/ld -m elf_x86_64) is GNU ld
configure:10909: result: yes
configure:10960: checking whether the g++ linker (/usr/bin/ld -m elf_x86_64) supports shared libraries
configure:11934: result: yes
configure:11952: g++ -c -g -O2  conftest.cpp >&5
configure:11955: $? = 0
configure:12107: checking for g++ option to produce PIC
configure:12391: result: -fPIC
configure:12399: checking if g++ PIC flag -fPIC works
configure:12500: g++ -c -g -O2  -fPIC -DPIC conftest.cpp >&5
configure:12504: $? = 0
configure:12434: result: yes
configure:12462: checking if g++ static flag -static works
configure:12490: result: yes
configure:12500: checking if g++ supports -c -o file.o
configure:12604: g++ -c -g -O2  -o out/conftest2.o conftest.cpp >&5
configure:12608: $? = 0
configure:12547: result: yes
configure:12573: checking whether the g++ linker (/usr/bin/ld -m elf_x86_64) supports shared libraries
configure:12598: result: yes
configure:12665: checking dynamic linker characteristics
configure:13215: result: GNU/Linux ld.so
configure:13224: checking how to hardcode library paths into programs
configure:13249: result: immediate
configure:19422: checking for ANSI C header files
configure:19586: result: yes
configure:19596: checking for sys/wait.h that is POSIX.1 compatible
configure:19632: gcc -c -g -O2  conftest.c >&5
configure:19638: $? = 0
configure:19653: result: yes
configure:19690: checking arpa/inet.h usability
configure:19707: gcc -c -g -O2  conftest.c >&5
configure:19713: $? = 0
configure:19727: result: yes
configure:19731: checking arpa/inet.h presence
configure:19746: gcc -E  conftest.c
configure:19752: $? = 0
configure:19766: result: yes
configure:19799: checking for arpa/inet.h
configure:19807: result: yes
configure:19690: checking fcntl.h usability
configure:19707: gcc -c -g -O2  conftest.c >&5
configure:19713: $? = 0
configure:19727: result: yes
configure:19731: checking fcntl.h presence
configure:19746: gcc -E  conftest.c
configure:19752: $? = 0
configure:19766: result: yes
configure:19799: checking for fcntl.h
configure:19807: result: yes
configure:19690: checking locale.h usability
configure:19707: gcc -c -g -O2  conftest.c >&5
configure:19713: $? = 0
configure:19727: result: yes
configure:19731: checking locale.h presence
configure:19746: gcc -E  conftest.c
configure:19752: $? = 0
configure:19766: result: yes
configure:19799: checking for locale.h
configure:19807: result: yes
configure:19690: checking netdb.h usability
configure:19707: gcc -c -g -O2  conftest.c >&5
configure:19713: $? = 0
configure:19727: result: yes
configure:19731: checking netdb.h presence
configure:19746: gcc -E  conftest.c
configure:19752: $? = 0
configure:19766: result: yes
configure:19799: checking for netdb.h
configure:19807: result: yes
configure:19690: checking netinet/in.h usability
configure:19707: gcc -c -g -O2  conftest.c >&5
configure:19713: $? = 0
configure:19727: result: yes
configure:19731: checking netinet/in.h presence
configure:19746: gcc -E  conftest.c
configure:19752: $? = 0
configure:19766: result: yes
configure:19799: checking for netinet/in.h
configure:19807: result: yes
configure:19680: checking for stdlib.h
configure:19686: result: yes
configure:19680: checking for string.h
configure:19686: result: yes
configure:19690: checking sys/ioctl.h usability
configure:19707: gcc -c -g -O2  conftest.c >&5
configure:19713: $? = 0
configure:19727: result: yes
configure:19731: checking sys/ioctl.h presence
configure:19746: gcc -E  conftest.c
configure:19752: $? = 0
configure:19766: result: yes
configure:19799: checking for sys/ioctl.h
configure:19807: result: yes
configure:19690: checking sys/socket.h usability
configure:19707: gcc -c -g -O2  conftest.c >&5
configure:19713: $? = 0
configure:19727: result: yes
configure:19731: checking sys/socket.h presence
configure:19746: gcc -E  conftest.c
configure:19752: $? = 0
configure:19766: result: yes
configure:19799: checking for sys/socket.h
configure:19807: result: yes
configure:19690: checking sys/time.h usability
configure:19707: gcc -c -g -O2  conftest.c >&5
configure:19713: $? = 0
configure:19727: result: yes
configure:19731: checking sys/time.h presence
configure:19746: gcc -E  conftest.c
configure:19752: $? = 0
configure:19766: result: yes
configure:19799: checking for sys/time.h
configure:19807: result: yes
configure:19690: checking syslog.h usability
configure:19707: gcc -c -g -O2  conftest.c >&5
configure:19713: $? = 0
configure:19727: result: yes
configure:19731: checking syslog.h presence
configure:19746: gcc -E  conftest.c
configure:19752: $? = 0
configure:19766: result: yes
configure:19799: checking for syslog.h
configure:19807: result: yes
configure:19680: checking for unistd.h
configure:19686: result: yes
configure:19690: checking pwd.h usability
configure:19707: gcc -c -g -O2  conftest.c >&5
configure:19713: $? = 0
configure:19727: result: yes
configure:19731: checking pwd.h presence
configure:19746: gcc -E  conftest.c
configure:19752: $? = 0
configure:19766: result: yes
configure:19799: checking for pwd.h
configure:19807: result: yes
configure:19822: checking for an ANSI C-conforming const
configure:19897: gcc -c -g -O2  conftest.c >&5
configure:19903: $? = 0
configure:19918: result: yes
configure:19928: checking whether time.h and sys/time.h may both be included
configure:19958: gcc -c -g -O2  conftest.c >&5
configure:19964: $? = 0
configure:19979: result: yes
configure:19989: checking whether struct tm is in sys/time.h or time.h
configure:20019: gcc -c -g -O2  conftest.c >&5
configure:20025: $? = 0
configure:20040: result: time.h
configure:20052: checking for pid_t
configure:20082: gcc -c -g -O2  conftest.c >&5
configure:20088: $? = 0
configure:20103: result: yes
configure:20130: checking vfork.h usability
configure:20147: gcc -c -g -O2  conftest.c >&5
conftest.c:70:10: fatal error: vfork.h: No such file or directory
   70 | #include <vfork.h>
      |          ^~~~~~~~~
compilation terminated.
configure:20153: $? = 1
configure: failed program was:
| /* confdefs.h.  */
| #define PACKAGE_NAME "tn5250"
| #define PACKAGE_TARNAME "tn5250"
| #define PACKAGE_VERSION "0.17.4"
| #define PACKAGE_STRING "tn5250 0.17.4"
| #define PACKAGE_BUGREPORT "linux5250@midrange.com"
| #define PACKAGE "tn5250"
| #define VERSION "0.17.4"
| #define STDC_HEADERS 1
| #define HAVE_SYS_TYPES_H 1
| #define HAVE_SYS_STAT_H 1
| #define HAVE_STDLIB_H 1
| #define HAVE_STRING_H 1
| #define HAVE_MEMORY_H 1
| #define HAVE_STRINGS_H 1
| #define HAVE_INTTYPES_H 1
| #define HAVE_STDINT_H 1
| #define HAVE_UNISTD_H 1
| #define HAVE_DLFCN_H 1
| #define STDC_HEADERS 1
| #define HAVE_SYS_WAIT_H 1
| #define HAVE_ARPA_INET_H 1
| #define HAVE_FCNTL_H 1
| #define HAVE_LOCALE_H 1
| #define HAVE_NETDB_H 1
| #define HAVE_NETINET_IN_H 1
| #define HAVE_STDLIB_H 1
| #define HAVE_STRING_H 1
| #define HAVE_SYS_IOCTL_H 1
| #define HAVE_SYS_SOCKET_H 1
| #define HAVE_SYS_TIME_H 1
| #define HAVE_SYSLOG_H 1
| #define HAVE_UNISTD_H 1
| #define HAVE_PWD_H 1
| #define TIME_WITH_SYS_TIME 1
| /* end confdefs.h.  */
| #include <stdio.h>
| #ifdef HAVE_SYS_TYPES_H
| # include <sys/types.h>
| #endif
| #ifdef HAVE_SYS_STAT_H
| # include <sys/stat.h>
| #endif
| #ifdef STDC_HEADERS
| # include <stdlib.h>
| # include <stddef.h>
| #else
| # ifdef HAVE_STDLIB_H
| #  include <stdlib.h>
| # endif
| #endif
| #ifdef HAVE_STRING_H
| # if !defined STDC_HEADERS && defined HAVE_MEMORY_H
| #  include <memory.h>
| # endif
| # include <string.h>
| #endif
| #ifdef HAVE_STRINGS_H
| # include <strings.h>
| #endif
| #ifdef HAVE_INTTYPES_H
| # include <inttypes.h>
| #endif
| #ifdef HAVE_STDINT_H
| # include <stdint.h>
| #endif
| #ifdef HAVE_UNISTD_H
| # include <unistd.h>
| #endif
| #include <vfork.h>
configure:20167: result: no
configure:20171: checking vfork.h presence
configure:20186: gcc -E  conftest.c
conftest.c:37:10: fatal error: vfork.h: No such file or directory
   37 | #include <vfork.h>
      |          ^~~~~~~~~
compilation terminated.
configure:20192: $? = 1
configure: failed program was:
| /* confdefs.h.  */
| #define PACKAGE_NAME "tn5250"
| #define PACKAGE_TARNAME "tn5250"
| #define PACKAGE_VERSION "0.17.4"
| #define PACKAGE_STRING "tn5250 0.17.4"
| #define PACKAGE_BUGREPORT "linux5250@midrange.com"
| #define PACKAGE "tn5250"
| #define VERSION "0.17.4"
| #define STDC_HEADERS 1
| #define HAVE_SYS_TYPES_H 1
| #define HAVE_SYS_STAT_H 1
| #define HAVE_STDLIB_H 1
| #define HAVE_STRING_H 1
| #define HAVE_MEMORY_H 1
| #define HAVE_STRINGS_H 1
| #define HAVE_INTTYPES_H 1
| #define HAVE_STDINT_H 1
| #define HAVE_UNISTD_H 1
| #define HAVE_DLFCN_H 1
| #define STDC_HEADERS 1
| #define HAVE_SYS_WAIT_H 1
| #define HAVE_ARPA_INET_H 1
| #define HAVE_FCNTL_H 1
| #define HAVE_LOCALE_H 1
| #define HAVE_NETDB_H 1
| #define HAVE_NETINET_IN_H 1
| #define HAVE_STDLIB_H 1
| #define HAVE_STRING_H 1
| #define HAVE_SYS_IOCTL_H 1
| #define HAVE_SYS_SOCKET_H 1
| #define HAVE_SYS_TIME_H 1
| #define HAVE_SYSLOG_H 1
| #define HAVE_UNISTD_H 1
| #define HAVE_PWD_H 1
| #define TIME_WITH_SYS_TIME 1
| /* end confdefs.h.  */
| #include <vfork.h>
configure:20206: result: no
configure:20239: checking for vfork.h
configure:20247: result: no
configure:20265: checking for fork
configure:20321: gcc -o conftest -g -O2   conftest.c  >&5
conftest.c:60:6: warning: conflicting types for built-in function 'fork'; expected 'int(void)' [-Wbuiltin-declaration-mismatch]
   60 | char fork ();
      |      ^~~~
configure:20327: $? = 0
configure:20345: result: yes
configure:20265: checking for vfork
configure:20321: gcc -o conftest -g -O2   conftest.c  >&5
configure:20327: $? = 0
configure:20345: result: yes
configure:20356: checking for working fork
configure:20388: gcc -o conftest -g -O2   conftest.c  >&5
configure:20391: $? = 0
configure:20397: ./conftest
configure:20400: $? = 0
configure:20416: result: yes
configure:20437: checking for working vfork
configure:20575: result: yes
configure:20611: checking for stdlib.h
configure:20617: result: yes
configure:20751: checking for GNU libc compatible malloc
configure:20785: gcc -o conftest -g -O2   conftest.c  >&5
configure:20788: $? = 0
configure:20794: ./conftest
configure:20797: $? = 0
configure:20813: result: yes
configure:20841: checking for working memcmp
configure:20894: gcc -o conftest -g -O2   conftest.c  >&5
configure:20897: $? = 0
configure:20903: ./conftest
configure:20906: $? = 0
configure:20922: result: yes
configure:20936: checking for stdlib.h
configure:20942: result: yes
configure:21076: checking for GNU libc compatible realloc
configure:21110: gcc -o conftest -g -O2   conftest.c  >&5
configure:21113: $? = 0
configure:21119: ./conftest
configure:21122: $? = 0
configure:21138: result: yes
configure:21182: checking sys/select.h usability
configure:21199: gcc -c -g -O2  conftest.c >&5
configure:21205: $? = 0
configure:21219: result: yes
configure:21223: checking sys/select.h presence
configure:21238: gcc -E  conftest.c
configure:21244: $? = 0
configure:21258: result: yes
configure:21291: checking for sys/select.h
configure:21299: result: yes
configure:21172: checking for sys/socket.h
configure:21178: result: yes
configure:21312: checking types of arguments for select
configure:21350: gcc -c -g -O2  conftest.c >&5
configure:21356: $? = 0
configure:21377: result: int,fd_set *,struct timeval *
configure:21404: checking for vprintf
configure:21460: gcc -o conftest -g -O2   conftest.c  >&5
conftest.c:73:6: warning: conflicting types for built-in function 'vprintf'; expected 'int(const char *, __va_list_tag *)' [-Wbuiltin-declaration-mismatch]
   73 | char vprintf ();
      |      ^~~~~~~
conftest.c:61:1: note: 'vprintf' is declared in header '<stdio.h>'
   60 | # include <limits.h>
   61 | #else
configure:21466: $? = 0
configure:21484: result: yes
configure:21491: checking for _doprnt
configure:21547: gcc -o conftest -g -O2   conftest.c  >&5
/usr/bin/ld: /tmp/ccGdTP8E.o: in function `main':
/home/friedkiwi/Documents/Sources/tn5250/conftest.c:85: undefined reference to `_doprnt'
collect2: error: ld returned 1 exit status
configure:21553: $? = 1
configure: failed program was:
| /* confdefs.h.  */
| #define PACKAGE_NAME "tn5250"
| #define PACKAGE_TARNAME "tn5250"
| #define PACKAGE_VERSION "0.17.4"
| #define PACKAGE_STRING "tn5250 0.17.4"
| #define PACKAGE_BUGREPORT "linux5250@midrange.com"
| #define PACKAGE "tn5250"
| #define VERSION "0.17.4"
| #define STDC_HEADERS 1
| #define HAVE_SYS_TYPES_H 1
| #define HAVE_SYS_STAT_H 1
| #define HAVE_STDLIB_H 1
| #define HAVE_STRING_H 1
| #define HAVE_MEMORY_H 1
| #define HAVE_STRINGS_H 1
| #define HAVE_INTTYPES_H 1
| #define HAVE_STDINT_H 1
| #define HAVE_UNISTD_H 1
| #define HAVE_DLFCN_H 1
| #define STDC_HEADERS 1
| #define HAVE_SYS_WAIT_H 1
| #define HAVE_ARPA_INET_H 1
| #define HAVE_FCNTL_H 1
| #define HAVE_LOCALE_H 1
| #define HAVE_NETDB_H 1
| #define HAVE_NETINET_IN_H 1
| #define HAVE_STDLIB_H 1
| #define HAVE_STRING_H 1
| #define HAVE_SYS_IOCTL_H 1
| #define HAVE_SYS_SOCKET_H 1
| #define HAVE_SYS_TIME_H 1
| #define HAVE_SYSLOG_H 1
| #define HAVE_UNISTD_H 1
| #define HAVE_PWD_H 1
| #define TIME_WITH_SYS_TIME 1
| #define HAVE_FORK 1
| #define HAVE_VFORK 1
| #define HAVE_WORKING_VFORK 1
| #define HAVE_WORKING_FORK 1
| #define HAVE_STDLIB_H 1
| #define HAVE_MALLOC 1
| #define HAVE_STDLIB_H 1
| #define HAVE_REALLOC 1
| #define HAVE_SYS_SELECT_H 1
| #define HAVE_SYS_SOCKET_H 1
| #define SELECT_TYPE_ARG1 int
| #define SELECT_TYPE_ARG234 (fd_set *)
| #define SELECT_TYPE_ARG5 (struct timeval *)
| #define HAVE_VPRINTF 1
| /* end confdefs.h.  */
| /* Define _doprnt to an innocuous variant, in case <limits.h> declares _doprnt.
|    For example, HP-UX 11i <limits.h> declares gettimeofday.  */
| #define _doprnt innocuous__doprnt
| 
| /* System header to define __stub macros and hopefully few prototypes,
|     which can conflict with char _doprnt (); below.
|     Prefer <limits.h> to <assert.h> if __STDC__ is defined, since
|     <limits.h> exists even on freestanding compilers.  */
| 
| #ifdef __STDC__
| # include <limits.h>
| #else
| # include <assert.h>
| #endif
| 
| #undef _doprnt
| 
| /* Override any GCC internal prototype to avoid an error.
|    Use char because int might match the return type of a GCC
|    builtin and then its argument prototype would still apply.  */
| #ifdef __cplusplus
| extern "C"
| #endif
| char _doprnt ();
| /* The GNU C library defines this for functions which it implements
|     to always fail with ENOSYS.  Some functions are actually named
|     something starting with __ and the normal name is an alias.  */
| #if defined __stub__doprnt || defined __stub____doprnt
| choke me
| #endif
| 
| int
| main ()
| {
| return _doprnt ();
|   ;
|   return 0;
| }
configure:21570: result: no
configure:21597: checking for gethostbyname
configure:21653: gcc -o conftest -g -O2   conftest.c  >&5
configure:21659: $? = 0
configure:21677: result: yes
configure:21597: checking for memset
configure:21653: gcc -o conftest -g -O2   conftest.c  >&5
conftest.c:75:6: warning: conflicting types for built-in function 'memset'; expected 'void *(void *, int,  long unsigned int)' [-Wbuiltin-declaration-mismatch]
   75 | char memset ();
      |      ^~~~~~
conftest.c:63:1: note: 'memset' is declared in header '<string.h>'
   62 | # include <limits.h>
   63 | #else
configure:21659: $? = 0
configure:21677: result: yes
configure:21597: checking for putenv
configure:21653: gcc -o conftest -g -O2   conftest.c  >&5
configure:21659: $? = 0
configure:21677: result: yes
configure:21597: checking for select
configure:21653: gcc -o conftest -g -O2   conftest.c  >&5
configure:21659: $? = 0
configure:21677: result: yes
configure:21597: checking for socket
configure:21653: gcc -o conftest -g -O2   conftest.c  >&5
configure:21659: $? = 0
configure:21677: result: yes
configure:21597: checking for strcasecmp
configure:21653: gcc -o conftest -g -O2   conftest.c  >&5
conftest.c:79:6: warning: conflicting types for built-in function 'strcasecmp'; expected 'int(const char *, const char *)' [-Wbuiltin-declaration-mismatch]
   79 | char strcasecmp ();
      |      ^~~~~~~~~~
configure:21659: $? = 0
configure:21677: result: yes
configure:21597: checking for strchr
configure:21653: gcc -o conftest -g -O2   conftest.c  >&5
conftest.c:80:6: warning: conflicting types for built-in function 'strchr'; expected 'char *(const char *, int)' [-Wbuiltin-declaration-mismatch]
   80 | char strchr ();
      |      ^~~~~~
conftest.c:68:1: note: 'strchr' is declared in header '<string.h>'
   67 | # include <limits.h>
   68 | #else
configure:21659: $? = 0
configure:21677: result: yes
configure:21597: checking for strerror
configure:21653: gcc -o conftest -g -O2   conftest.c  >&5
configure:21659: $? = 0
configure:21677: result: yes
configure:21597: checking for strrchr
configure:21653: gcc -o conftest -g -O2   conftest.c  >&5
conftest.c:82:6: warning: conflicting types for built-in function 'strrchr'; expected 'char *(const char *, int)' [-Wbuiltin-declaration-mismatch]
   82 | char strrchr ();
      |      ^~~~~~~
conftest.c:70:1: note: 'strrchr' is declared in header '<string.h>'
   69 | # include <limits.h>
   70 | #else
configure:21659: $? = 0
configure:21677: result: yes
configure:21597: checking for strstr
configure:21653: gcc -o conftest -g -O2   conftest.c  >&5
conftest.c:83:6: warning: conflicting types for built-in function 'strstr'; expected 'char *(const char *, const char *)' [-Wbuiltin-declaration-mismatch]
   83 | char strstr ();
      |      ^~~~~~
conftest.c:71:1: note: 'strstr' is declared in header '<string.h>'
   70 | # include <limits.h>
   71 | #else
configure:21659: $? = 0
configure:21677: result: yes
configure:21689: checking for short
configure:21719: gcc -c -g -O2  conftest.c >&5
configure:21725: $? = 0
configure:21740: result: yes
configure:21747: checking size of short
configure:22049: gcc -o conftest -g -O2   conftest.c  >&5
configure:22052: $? = 0
configure:22058: ./conftest
configure:22061: $? = 0
configure:22084: result: 2
configure:22094: checking for int
configure:22124: gcc -c -g -O2  conftest.c >&5
configure:22130: $? = 0
configure:22145: result: yes
configure:22152: checking size of int
configure:22454: gcc -o conftest -g -O2   conftest.c  >&5
configure:22457: $? = 0
configure:22463: ./conftest
configure:22466: $? = 0
configure:22489: result: 4
configure:22499: checking for long
configure:22529: gcc -c -g -O2  conftest.c >&5
configure:22535: $? = 0
configure:22550: result: yes
configure:22557: checking size of long
configure:22859: gcc -o conftest -g -O2   conftest.c  >&5
configure:22862: $? = 0
configure:22868: ./conftest
configure:22871: $? = 0
configure:22894: result: 8
configure:22919: checking whether to build curses terminal
configure:22926: result: yes
configure:22935: checking whether to use old key handler
configure:22942: result: no
configure:22950: checking for initscr in -lncurses
configure:22985: gcc -o conftest -g -O2   conftest.c -lncurses   >&5
configure:22991: $? = 0
configure:23009: result: yes
configure:23128: checking whether to build python terminal
configure:23135: result: no
configure:23152: checking whether to build with OpenSSL support
configure:23159: result: no
configure:23627: creating ./config.status

## ---------------- ##
## Cache variables. ##
## ---------------- ##

ac_cv_build=x86_64-unknown-linux-gnu
ac_cv_c_compiler_gnu=yes
ac_cv_c_const=yes
ac_cv_cxx_compiler_gnu=yes
ac_cv_env_CCC_set=
ac_cv_env_CCC_value=
ac_cv_env_CC_set=
ac_cv_env_CC_value=
ac_cv_env_CFLAGS_set=
ac_cv_env_CFLAGS_value=
ac_cv_env_CPPFLAGS_set=
ac_cv_env_CPPFLAGS_value=
ac_cv_env_CPP_set=
ac_cv_env_CPP_value=
ac_cv_env_CXXCPP_set=
ac_cv_env_CXXCPP_value=
ac_cv_env_CXXFLAGS_set=
ac_cv_env_CXXFLAGS_value=
ac_cv_env_CXX_set=
ac_cv_env_CXX_value=
ac_cv_env_F77_set=
ac_cv_env_F77_value=
ac_cv_env_FFLAGS_set=
ac_cv_env_FFLAGS_value=
ac_cv_env_LDFLAGS_set=
ac_cv_env_LDFLAGS_value=
ac_cv_env_LIBS_set=
ac_cv_env_LIBS_value=
ac_cv_env_build_alias_set=
ac_cv_env_build_alias_value=
ac_cv_env_host_alias_set=
ac_cv_env_host_alias_value=
ac_cv_env_target_alias_set=
ac_cv_env_target_alias_value=
ac_cv_f77_compiler_gnu=no
ac_cv_func__doprnt=no
ac_cv_func_fork=yes
ac_cv_func_fork_works=yes
ac_cv_func_gethostbyname=yes
ac_cv_func_malloc_0_nonnull=yes
ac_cv_func_memcmp_working=yes
ac_cv_func_memset=yes
ac_cv_func_putenv=yes
ac_cv_func_realloc_0_nonnull=yes
ac_cv_func_select=yes
ac_cv_func_select_args='int,fd_set *,struct timeval *'
ac_cv_func_socket=yes
ac_cv_func_strcasecmp=yes
ac_cv_func_strchr=yes
ac_cv_func_strerror=yes
ac_cv_func_strrchr=yes
ac_cv_func_strstr=yes
ac_cv_func_vfork=yes
ac_cv_func_vfork_works=yes
ac_cv_func_vprintf=yes
ac_cv_header_arpa_inet_h=yes
ac_cv_header_dlfcn_h=yes
ac_cv_header_fcntl_h=yes
ac_cv_header_inttypes_h=yes
ac_cv_header_locale_h=yes
ac_cv_header_memory_h=yes
ac_cv_header_netdb_h=yes
ac_cv_header_netinet_in_h=yes
ac_cv_header_pwd_h=yes
ac_cv_header_stdc=yes
ac_cv_header_stdint_h=yes
ac_cv_header_stdlib_h=yes
ac_cv_header_string_h=yes
ac_cv_header_strings_h=yes
ac_cv_header_sys_ioctl_h=yes
ac_cv_header_sys_select_h=yes
ac_cv_header_sys_socket_h=yes
ac_cv_header_sys_stat_h=yes
ac_cv_header_sys_time_h=yes
ac_cv_header_sys_types_h=yes
ac_cv_header_sys_wait_h=yes
ac_cv_header_syslog_h=yes
ac_cv_header_time=yes
ac_cv_header_unistd_h=yes
ac_cv_header_vfork_h=no
ac_cv_host=x86_64-unknown-linux-gnu
ac_cv_lib_ncurses_initscr=yes
ac_cv_objext=o
ac_cv_path_EGREP='/usr/bin/grep -E'
ac_cv_path_GREP=/usr/bin/grep
ac_cv_path_install='/usr/bin/install -c'
ac_cv_prog_AWK=mawk
ac_cv_prog_CPP='gcc -E'
ac_cv_prog_CXXCPP='g++ -E'
ac_cv_prog_ac_ct_AR=ar
ac_cv_prog_ac_ct_CC=gcc
ac_cv_prog_ac_ct_CXX=g++
ac_cv_prog_ac_ct_RANLIB=ranlib
ac_cv_prog_ac_ct_STRIP=strip
ac_cv_prog_cc_c89=
ac_cv_prog_cc_g=yes
ac_cv_prog_cxx_g=yes
ac_cv_prog_f77_g=no
ac_cv_prog_make_make_set=yes
ac_cv_sizeof_int=4
ac_cv_sizeof_long=8
ac_cv_sizeof_short=2
ac_cv_struct_tm=time.h
ac_cv_type_int=yes
ac_cv_type_long=yes
ac_cv_type_pid_t=yes
ac_cv_type_short=yes
ac_cv_use_curses=yes
ac_cv_use_old_keys=no
ac_cv_use_python=no
ac_cv_use_ssl=no
am_cv_CC_dependencies_compiler_type=gcc3
am_cv_CXX_dependencies_compiler_type=gcc3
lt_cv_deplibs_check_method=pass_all
lt_cv_file_magic_cmd='$MAGIC_CMD'
lt_cv_file_magic_test_file=
lt_cv_ld_reload_flag=-r
lt_cv_objdir=.libs
lt_cv_path_LD=/usr/bin/ld
lt_cv_path_LDCXX='/usr/bin/ld -m elf_x86_64'
lt_cv_path_NM='/usr/bin/nm -B'
lt_cv_path_SED=/usr/bin/sed
lt_cv_prog_compiler_c_o=yes
lt_cv_prog_compiler_c_o_CXX=yes
lt_cv_prog_compiler_rtti_exceptions=no
lt_cv_prog_gnu_ld=yes
lt_cv_prog_gnu_ldcxx=yes
lt_cv_sys_global_symbol_pipe='sed -n -e '\''s/^.*[ 	]\([ABCDGIRSTW][ABCDGIRSTW]*\)[ 	][ 	]*\([_A-Za-z][_A-Za-z0-9]*\)$/\1 \2 \2/p'\'''
lt_cv_sys_global_symbol_to_c_name_address='sed -n -e '\''s/^: \([^ ]*\) $/  {\"\1\", (lt_ptr) 0},/p'\'' -e '\''s/^[BCDEGRST] \([^ ]*\) \([^ ]*\)$/  {"\2", (lt_ptr) \&\2},/p'\'''
lt_cv_sys_global_symbol_to_cdecl='sed -n -e '\''s/^. .* \(.*\)$/extern int \1;/p'\'''
lt_cv_sys_max_cmd_len=1572864
lt_lt_cv_prog_compiler_c_o='"yes"'
lt_lt_cv_prog_compiler_c_o_CXX='"yes"'
lt_lt_cv_sys_global_symbol_pipe='"sed -n -e '\''s/^.*[ 	]\\([ABCDGIRSTW][ABCDGIRSTW]*\\)[ 	][ 	]*\\([_A-Za-z][_A-Za-z0-9]*\\)\$/\\1 \\2 \\2/p'\''"'
lt_lt_cv_sys_global_symbol_to_c_name_address='"sed -n -e '\''s/^: \\([^ ]*\\) \$/  {\\\"\\1\\\", (lt_ptr) 0},/p'\'' -e '\''s/^[BCDEGRST] \\([^ ]*\\) \\([^ ]*\\)\$/  {\"\\2\", (lt_ptr) \\&\\2},/p'\''"'
lt_lt_cv_sys_global_symbol_to_cdecl='"sed -n -e '\''s/^. .* \\(.*\\)\$/extern int \\1;/p'\''"'

## ----------------- ##
## Output variables. ##
## ----------------- ##

ACLOCAL='${SHELL} /home/friedkiwi/Documents/Sources/tn5250/missing --run aclocal-1.9'
AMDEPBACKSLASH='\'
AMDEP_FALSE='#'
AMDEP_TRUE=''
AMTAR='${SHELL} /home/friedkiwi/Documents/Sources/tn5250/missing --run tar'
AR='ar'
AUTOCONF='${SHELL} /home/friedkiwi/Documents/Sources/tn5250/missing --run autoconf'
AUTOHEADER='${SHELL} /home/friedkiwi/Documents/Sources/tn5250/missing --run autoheader'
AUTOMAKE='${SHELL} /home/friedkiwi/Documents/Sources/tn5250/missing --run automake-1.9'
AWK='mawk'
CC='gcc'
CCDEPMODE='depmode=gcc3'
CFLAGS='-g -O2'
CPP='gcc -E'
CPPFLAGS=''
CURSES_LIB='-lncurses'
CXX='g++'
CXXCPP='g++ -E'
CXXDEPMODE='depmode=gcc3'
CXXFLAGS='-g -O2'
CYGPATH_W='echo'
DEFS='-DHAVE_CONFIG_H'
DEPDIR='.deps'
ECHO='echo'
ECHO_C=''
ECHO_N='-n'
ECHO_T=''
EGREP='/usr/bin/grep -E'
EXEEXT=''
F77=''
FFLAGS=''
GREP='/usr/bin/grep'
INSTALL_DATA='${INSTALL} -m 644'
INSTALL_PROGRAM='${INSTALL}'
INSTALL_SCRIPT='${INSTALL}'
INSTALL_STRIP_PROGRAM='${SHELL} $(install_sh) -c -s'
LDFLAGS=''
LIBOBJS=''
LIBS=''
LIBTOOL='$(SHELL) $(top_builddir)/libtool'
LN_S='ln -s'
LTLIBOBJS=''
MAKEINFO='${SHELL} /home/friedkiwi/Documents/Sources/tn5250/missing --run makeinfo'
MAYBE_CURSES='curses'
MAYBE_PYTHON=''
OBJEXT='o'
PACKAGE='tn5250'
PACKAGE_BUGREPORT='linux5250@midrange.com'
PACKAGE_NAME='tn5250'
PACKAGE_STRING='tn5250 0.17.4'
PACKAGE_TARNAME='tn5250'
PACKAGE_VERSION='0.17.4'
PATH_SEPARATOR=':'
RANLIB='ranlib'
SED='/usr/bin/sed'
SET_MAKE=''
SHELL='/bin/bash'
STRIP='strip'
VERSION='0.17.4'
ac_ct_CC='gcc'
ac_ct_CXX='g++'
ac_ct_F77=''
am__fastdepCC_FALSE='#'
am__fastdepCC_TRUE=''
am__fastdepCXX_FALSE='#'
am__fastdepCXX_TRUE=''
am__include='include'
am__leading_dot='.'
am__quote=''
am__tar='${AMTAR} chof - "$$tardir"'
am__untar='${AMTAR} xf -'
bindir='${exec_prefix}/bin'
build='x86_64-unknown-linux-gnu'
build_alias=''
build_cpu='x86_64'
build_os='linux-gnu'
build_vendor='unknown'
datadir='${datarootdir}'
datarootdir='${prefix}/share'
docdir='${datarootdir}/doc/${PACKAGE_TARNAME}'
dvidir='${docdir}'
exec_prefix='${prefix}'
host='x86_64-unknown-linux-gnu'
host_alias=''
host_cpu='x86_64'
host_os='linux-gnu'
host_vendor='unknown'
htmldir='${docdir}'
includedir='${prefix}/include'
infodir='${datarootdir}/info'
install_sh='/home/friedkiwi/Documents/Sources/tn5250/install-sh'
krb5includedir=''
libdir='${exec_prefix}/lib'
libexecdir='${exec_prefix}/libexec'
localedir='${datarootdir}/locale'
localstatedir='${prefix}/var'
mandir='${datarootdir}/man'
mkdir_p='mkdir -p --'
oldincludedir='/usr/include'
pdfdir='${docdir}'
prefix='/usr/local'
program_transform_name='s,x,x,'
psdir='${docdir}'
sbindir='${exec_prefix}/sbin'
sharedstatedir='${prefix}/com'
sslincludedir=''
sysconfdir='${prefix}/etc'
target_alias=''

## ----------- ##
## confdefs.h. ##
## ----------- ##

#define PACKAGE_NAME "tn5250"
#define PACKAGE_TARNAME "tn5250"
#define PACKAGE_VERSION "0.17.4"
#define PACKAGE_STRING "tn5250 0.17.4"
#define PACKAGE_BUGREPORT "linux5250@midrange.com"
#define PACKAGE "tn5250"
#define VERSION "0.17.4"
#define STDC_HEADERS 1
#define HAVE_SYS_TYPES_H 1
#define HAVE_SYS_STAT_H 1
#define HAVE_STDLIB_H 1
#define HAVE_STRING_H 1
#define HAVE_MEMORY_H 1
#define HAVE_STRINGS_H 1
#define HAVE_INTTYPES_H 1
#define HAVE_STDINT_H 1
#define HAVE_UNISTD_H 1
#define HAVE_DLFCN_H 1
#define STDC_HEADERS 1
#define HAVE_SYS_WAIT_H 1
#define HAVE_ARPA_INET_H 1
#define HAVE_FCNTL_H 1
#define HAVE_LOCALE_H 1
#define HAVE_NETDB_H 1
#define HAVE_NETINET_IN_H 1
#define HAVE_STDLIB_H 1
#define HAVE_STRING_H 1
#define HAVE_SYS_IOCTL_H 1
#define HAVE_SYS_SOCKET_H 1
#define HAVE_SYS_TIME_H 1
#define HAVE_SYSLOG_H 1
#define HAVE_UNISTD_H 1
#define HAVE_PWD_H 1
#define TIME_WITH_SYS_TIME 1
#define HAVE_FORK 1
#define HAVE_VFORK 1
#define HAVE_WORKING_VFORK 1
#define HAVE_WORKING_FORK 1
#define HAVE_STDLIB_H 1
#define HAVE_MALLOC 1
#define HAVE_STDLIB_H 1
#define HAVE_REALLOC 1
#define HAVE_SYS_SELECT_H 1
#define HAVE_SYS_SOCKET_H 1
#define SELECT_TYPE_ARG1 int
#define SELECT_TYPE_ARG234 (fd_set *)
#define SELECT_TYPE_ARG5 (struct timeval *)
#define HAVE_VPRINTF 1
#define HAVE_GETHOSTBYNAME 1
#define HAVE_MEMSET 1
#define HAVE_PUTENV 1
#define HAVE_SELECT 1
#define HAVE_SOCKET 1
#define HAVE_STRCASECMP 1
#define HAVE_STRCHR 1
#define HAVE_STRERROR 1
#define HAVE_STRRCHR 1
#define HAVE_STRSTR 1
#define SIZEOF_SHORT 2
#define SIZEOF_INT 4
#define SIZEOF_LONG 8
#define SOCKET_TYPE int
#define USE_OWN_KEY_PARSING 1

configure: exit 0

## ---------------------- ##
## Running config.status. ##
## ---------------------- ##

This file was extended by tn5250 config.status 0.17.4, which was
generated by GNU Autoconf 2.61.  Invocation command line was

  CONFIG_FILES    = 
  CONFIG_HEADERS  = 
  CONFIG_LINKS    = 
  CONFIG_COMMANDS = 
  $ ./config.status 

on angerfly

config.status:676: creating Makefile
config.status:676: creating curses/Makefile
config.status:676: creating doc/Makefile
config.status:676: creating lib5250/Makefile
config.status:676: creating lp5250d/Makefile
config.status:676: creating python/Makefile
config.status:676: creating slang/Makefile
config.status:676: creating freebsd/Makefile
config.status:676: creating linux/Makefile
config.status:676: creating sun/Makefile
config.status:676: creating win32/Makefile
config.status:676: creating xt5250
config.status:811: WARNING:  xt5250.in seems to ignore the --datarootdir setting
config.status:676: creating config.h
config.status:950: config.h is unchanged
config.status:996: executing depfiles commands

## ---------------------- ##
## Running config.status. ##
## ---------------------- ##

This file was extended by tn5250 config.status 0.17.4, which was
generated by GNU Autoconf 2.61.  Invocation command line was

  CONFIG_FILES    = 
  CONFIG_HEADERS  = 
  CONFIG_LINKS    = 
  CONFIG_COMMANDS = 
  $ ./config.status config.h

on angerfly

config.status:676: creating config.h
config.status:950: config.h is unchanged
